  CBackBuffer.cpp
  CBullet.cpp
C:\Users\tnest\source\repos\카타나제로\KatanaZero\KatanaZero\CBullet.cpp(32,17): warning C4244: '초기화 중': 'double'에서 'float'(으)로 변환하면서 데이터가 손실될 수 있습니다.
C:\Users\tnest\source\repos\카타나제로\KatanaZero\KatanaZero\CBullet.cpp(42,70): warning C4244: '인수': 'double'에서 'float'(으)로 변환하면서 데이터가 손실될 수 있습니다.
C:\Users\tnest\source\repos\카타나제로\KatanaZero\KatanaZero\CBullet.cpp(43,71): warning C4244: '인수': 'double'에서 'float'(으)로 변환하면서 데이터가 손실될 수 있습니다.
  CBulletNormal.cpp
C:\Users\tnest\source\repos\카타나제로\KatanaZero\KatanaZero\CBulletNormal.cpp(26,54): warning C4244: '인수': 'double'에서 'float'(으)로 변환하면서 데이터가 손실될 수 있습니다.
C:\Users\tnest\source\repos\카타나제로\KatanaZero\KatanaZero\CBulletNormal.cpp(27,54): warning C4244: '인수': 'double'에서 'float'(으)로 변환하면서 데이터가 손실될 수 있습니다.
  CCamera.cpp
  CCollisionMgr.cpp
  CDoctorBoss.cpp
C:\Users\tnest\source\repos\카타나제로\KatanaZero\KatanaZero\CDoctorBoss.cpp(37,54): warning C4244: '인수': 'double'에서 'float'(으)로 변환하면서 데이터가 손실될 수 있습니다.
C:\Users\tnest\source\repos\카타나제로\KatanaZero\KatanaZero\CDoctorBoss.cpp(38,54): warning C4244: '인수': 'double'에서 'float'(으)로 변환하면서 데이터가 손실될 수 있습니다.
C:\Users\tnest\source\repos\카타나제로\KatanaZero\KatanaZero\CDoctorBoss.cpp(66,23): warning C4244: '=': 'int'에서 'float'(으)로 변환하면서 데이터가 손실될 수 있습니다.
C:\Users\tnest\source\repos\카타나제로\KatanaZero\KatanaZero\CDoctorBoss.cpp(73,23): warning C4244: '=': 'int'에서 'float'(으)로 변환하면서 데이터가 손실될 수 있습니다.
C:\Users\tnest\source\repos\카타나제로\KatanaZero\KatanaZero\CDoctorBoss.cpp(79,23): warning C4244: '=': 'int'에서 'float'(으)로 변환하면서 데이터가 손실될 수 있습니다.
C:\Users\tnest\source\repos\카타나제로\KatanaZero\KatanaZero\CDoctorBoss.cpp(85,23): warning C4244: '=': 'int'에서 'float'(으)로 변환하면서 데이터가 손실될 수 있습니다.
C:\Users\tnest\source\repos\카타나제로\KatanaZero\KatanaZero\CDoctorBoss.cpp(112,24): warning C4244: '초기화 중': 'int'에서 'float'(으)로 변환하면서 데이터가 손실될 수 있습니다.
C:\Users\tnest\source\repos\카타나제로\KatanaZero\KatanaZero\CDoctorBoss.cpp(127,24): warning C4244: '초기화 중': 'int'에서 'float'(으)로 변환하면서 데이터가 손실될 수 있습니다.
C:\Users\tnest\source\repos\카타나제로\KatanaZero\KatanaZero\CDoctorBoss.cpp(141,16): warning C4244: '초기화 중': 'int'에서 'float'(으)로 변환하면서 데이터가 손실될 수 있습니다.
C:\Users\tnest\source\repos\카타나제로\KatanaZero\KatanaZero\CDoctorBoss.cpp(142,16): warning C4244: '초기화 중': 'int'에서 'float'(으)로 변환하면서 데이터가 손실될 수 있습니다.
  CDoctorClone.cpp
C:\Users\tnest\source\repos\카타나제로\KatanaZero\KatanaZero\CDoctorClone.cpp(125,61): warning C4244: '인수': 'double'에서 'float'(으)로 변환하면서 데이터가 손실될 수 있습니다.
C:\Users\tnest\source\repos\카타나제로\KatanaZero\KatanaZero\CDoctorClone.cpp(126,61): warning C4244: '인수': 'double'에서 'float'(으)로 변환하면서 데이터가 손실될 수 있습니다.
  CEnemy.cpp
  CEnemyBoss.cpp
  CEnemyMelee.cpp
  CEnemyRanger.cpp
  CEnemyShotgun.cpp
C:\Users\tnest\source\repos\카타나제로\KatanaZero\KatanaZero\CEnemyShotgun.cpp(42,54): warning C4244: '인수': 'double'에서 'float'(으)로 변환하면서 데이터가 손실될 수 있습니다.
C:\Users\tnest\source\repos\카타나제로\KatanaZero\KatanaZero\CEnemyShotgun.cpp(43,54): warning C4244: '인수': 'double'에서 'float'(으)로 변환하면서 데이터가 손실될 수 있습니다.
  CInputManager.cpp
C:\Users\tnest\source\repos\카타나제로\KatanaZero\KatanaZero\CInputManager.h(19,38): warning C4244: 'return': 'LONG'에서 'float'(으)로 변환하면서 데이터가 손실될 수 있습니다.
  (소스 파일 'CInputManager.cpp'을(를) 컴파일하는 중)
  
C:\Users\tnest\source\repos\카타나제로\KatanaZero\KatanaZero\CInputManager.h(20,38): warning C4244: 'return': 'LONG'에서 'float'(으)로 변환하면서 데이터가 손실될 수 있습니다.
  (소스 파일 'CInputManager.cpp'을(를) 컴파일하는 중)
  
  CLeadingBullet.cpp
  CMainGame.cpp
C:\Users\tnest\source\repos\카타나제로\KatanaZero\KatanaZero\CInputManager.h(19,38): warning C4244: 'return': 'LONG'에서 'float'(으)로 변환하면서 데이터가 손실될 수 있습니다.
  (소스 파일 'CMainGame.cpp'을(를) 컴파일하는 중)
  
C:\Users\tnest\source\repos\카타나제로\KatanaZero\KatanaZero\CInputManager.h(20,38): warning C4244: 'return': 'LONG'에서 'float'(으)로 변환하면서 데이터가 손실될 수 있습니다.
  (소스 파일 'CMainGame.cpp'을(를) 컴파일하는 중)
  
  CObj.cpp
  CObjMgr.cpp
  CParry.cpp
  CParryBullet.cpp
  CPlayer.cpp
C:\Users\tnest\source\repos\카타나제로\KatanaZero\KatanaZero\CInputManager.h(19,38): warning C4244: 'return': 'LONG'에서 'float'(으)로 변환하면서 데이터가 손실될 수 있습니다.
  (소스 파일 'CPlayer.cpp'을(를) 컴파일하는 중)
  
C:\Users\tnest\source\repos\카타나제로\KatanaZero\KatanaZero\CInputManager.h(20,38): warning C4244: 'return': 'LONG'에서 'float'(으)로 변환하면서 데이터가 손실될 수 있습니다.
  (소스 파일 'CPlayer.cpp'을(를) 컴파일하는 중)
  
  코드를 생성하고 있습니다...
  컴파일하고 있습니다...
  CRewindMgr.cpp
  CTimeManager.cpp
C:\Users\tnest\source\repos\카타나제로\KatanaZero\KatanaZero\CTimeManager.cpp(9,31): warning C4244: '=': 'ULONGLONG'에서 'DWORD'(으)로 변환하면서 데이터가 손실될 수 있습니다.
C:\Users\tnest\source\repos\카타나제로\KatanaZero\KatanaZero\CTimeManager.cpp(16,22): warning C4244: '초기화 중': 'ULONGLONG'에서 'DWORD'(으)로 변환하면서 데이터가 손실될 수 있습니다.
  KatanaZero.cpp
C:\Users\tnest\source\repos\카타나제로\KatanaZero\KatanaZero\KatanaZero.cpp(47,22): warning C4244: '초기화 중': 'ULONGLONG'에서 'DWORD'(으)로 변환하면서 데이터가 손실될 수 있습니다.
C:\Users\tnest\source\repos\카타나제로\KatanaZero\KatanaZero\KatanaZero.cpp(66,29): warning C4244: '초기화 중': 'ULONGLONG'에서 'DWORD'(으)로 변환하면서 데이터가 손실될 수 있습니다.
  코드를 생성하고 있습니다...
  KatanaZero.vcxproj -> C:\Users\tnest\source\repos\카타나제로\KatanaZero\x64\Debug\KatanaZero.exe
